<?xml version="1.0" encoding="UTF-8"?>
<!-- Generated by org.testng.reporters.JUnitXMLReporter -->
<testsuite hostname="Mys-MacBook-Pro-3.local" failures="0" tests="6" name="Surefire test" time="45.841" errors="0" timestamp="19 Jan 2026 14:32:32 GMT">
  <testcase classname="Selleniun_start_projects.Selleniun_start_projects.CalculatorTests" name="SixMinusTwo on SixMinusTwo(Selleniun_start_projects.Selleniun_start_projects.CalculatorTests)" time="8.591"/>
  <testcase classname="Selleniun_start_projects.Selleniun_start_projects.CalculatorTests" name="OnePlusThree on OnePlusThree(Selleniun_start_projects.Selleniun_start_projects.CalculatorTests)" time="7.527"/>
  <testcase classname="Selleniun_start_projects.Selleniun_start_projects.CalculatorTests" name="FivePlusFive on FivePlusFive(Selleniun_start_projects.Selleniun_start_projects.CalculatorTests)" time="7.516"/>
  <testcase classname="Selleniun_start_projects.Selleniun_start_projects.CalculatorTests" name="FiveMinusOne on FiveMinusOne(Selleniun_start_projects.Selleniun_start_projects.CalculatorTests)" time="7.488"/>
  <testcase classname="Selleniun_start_projects.Selleniun_start_projects.CalculatorTests" name="SixMultiplySix on SixMultiplySix(Selleniun_start_projects.Selleniun_start_projects.CalculatorTests)" time="7.348"/>
  <testcase classname="Selleniun_start_projects.Selleniun_start_projects.CalculatorTests" name="SixMultiplyTwo on SixMultiplyTwo(Selleniun_start_projects.Selleniun_start_projects.CalculatorTests)" time="7.316"/>
</testsuite> <!-- Surefire test -->
