<?xml version="1.0" encoding="UTF-8"?>
<!-- Generated by org.testng.reporters.JUnitXMLReporter -->
<testsuite hostname="macbookpro" failures="0" tests="3" name="Surefire test" time="22.323" errors="0" timestamp="5 Feb 2026 17:17:31 GMT">
  <testcase classname="Selleniun_start_projects.Selleniun_start_projects.PasswordFieldTests" name="EP_InvalidCharacter on EP_InvalidCharacter(Selleniun_start_projects.Selleniun_start_projects.PasswordFieldTests)" time="7.615"/>
  <testcase classname="Selleniun_start_projects.Selleniun_start_projects.PasswordFieldTests" name="EP_EverythingGood on EP_EverythingGood(Selleniun_start_projects.Selleniun_start_projects.PasswordFieldTests)" time="7.61"/>
  <testcase classname="Selleniun_start_projects.Selleniun_start_projects.PasswordFieldTests" name="EP_TooShort on EP_TooShort(Selleniun_start_projects.Selleniun_start_projects.PasswordFieldTests)" time="7.041"/>
</testsuite> <!-- Surefire test -->
