<?xml version="1.0" encoding="UTF-8"?>
<testsuite xmlns:xsi="http://www.w3.org/2001/XMLSchema-instance" xsi:noNamespaceSchemaLocation="https://maven.apache.org/surefire/maven-surefire-plugin/xsd/surefire-test-report.xsd" name="TestSuite" time="30.795" tests="5" errors="0" skipped="0" failures="4">
  <properties>
[...]
</properties>
  <testcase name="Tests1 on Tests1(Selleniun_start_projects.Selleniun_start_projects.AppTest)" classname="Selleniun_start_projects.Selleniun_start_projects.AppTest" time="7.345"/>
  <testcase name="testTooLong on testTooLong(Selleniun_start_projects.Selleniun_start_projects.PassTest)" classname="Selleniun_start_projects.Selleniun_start_projects.PassTest" time="5.671">
    <failure message="expected:&lt;[Invalid Input]&gt; but was:&lt;[]&gt;" type="org.junit.ComparisonFailure"><![CDATA[org.junit.ComparisonFailure: expected:<[Invalid Input]> but was:<[]>
	at Selleniun_start_projects.Selleniun_start_projects.PassTest.testTooLong(PassTest.java:68)
]]></failure>
    <system-err><![CDATA[console.error: [Exception... "Component is not available"  nsresult: "0x80040111 (NS_ERROR_NOT_AVAILABLE)"  location: "<unknown>"  data: no]
1768820324278	geckodriver	INFO	Listening on 127.0.0.1:40153
1768820324295	mozrunner::runner	INFO	Running command: MOZ_CRASHREPORTER="1" MOZ_CRASHREPORTER_NO_REPORT="1" MOZ_CRASHREPORTER_SHUTDOWN="1" "/Applications/Firefox. ... "--marionette" "-foreground" "-no-remote" "-profile" "/var/folders/yz/f6jv4v_n2j3_fb2y0nzk37kr0000gn/T/rust_mozprofileEJGirl"
console.warn: services.settings: Ignoring preference override of remote settings server
console.warn: services.settings: Allow by setting MOZ_REMOTE_SETTINGS_DEVTOOLS=1 in the environment
1768820325212	Marionette	INFO	Marionette enabled
2026-01-19 10:58:45.363 Firefox GPU Helper[20790:1255466] Failure on line 688 in function id scheduleApplicationNotification(LSNotificationCode, NSWorkspaceNotificationCenter *): noErr == _LSModifyNotification(notificationID, 1, &code, 0, NULL, NULL, NULL)
2026-01-19 10:58:45.532 Firefox GPU Helper[20790:1255482] Connection Invalid error for service com.apple.hiservices-xpcservice.
2026-01-19 10:58:45.532 Firefox GPU Helper[20790:1255466] Error received in message reply handler: Connection invalid
1768820326047	Marionette	INFO	Listening on port 50697
Read port: 50697
1768820326200	RemoteAgent	WARN	TLS certificate errors will be ignored for this session
Jan 19, 2026 12:58:48 PM org.openqa.selenium.remote.ProtocolHandshake createSession
INFO: Detected dialect: W3C
]]></system-err>
  </testcase>
  <testcase name="testValidInput on testValidInput(Selleniun_start_projects.Selleniun_start_projects.PassTest)" classname="Selleniun_start_projects.Selleniun_start_projects.PassTest" time="5.702">
    <failure message="expected:&lt;[Valid Input]&gt; but was:&lt;[]&gt;" type="org.junit.ComparisonFailure"><![CDATA[org.junit.ComparisonFailure: expected:<[Valid Input]> but was:<[]>
	at Selleniun_start_projects.Selleniun_start_projects.PassTest.testValidInput(PassTest.java:35)
]]></failure>
    <system-err><![CDATA[1768820329947	geckodriver	INFO	Listening on 127.0.0.1:27065
1768820329965	mozrunner::runner	INFO	Running command: MOZ_CRASHREPORTER="1" MOZ_CRASHREPORTER_NO_REPORT="1" MOZ_CRASHREPORTER_SHUTDOWN="1" "/Applications/Firefox. ... "--marionette" "-foreground" "-no-remote" "-profile" "/var/folders/yz/f6jv4v_n2j3_fb2y0nzk37kr0000gn/T/rust_mozprofileWqzWel"
console.warn: services.settings: Ignoring preference override of remote settings server
console.warn: services.settings: Allow by setting MOZ_REMOTE_SETTINGS_DEVTOOLS=1 in the environment
1768820331007	Marionette	INFO	Marionette enabled
2026-01-19 10:58:51.163 Firefox GPU Helper[20817:1256174] Failure on line 688 in function id scheduleApplicationNotification(LSNotificationCode, NSWorkspaceNotificationCenter *): noErr == _LSModifyNotification(notificationID, 1, &code, 0, NULL, NULL, NULL)
2026-01-19 10:58:51.347 Firefox GPU Helper[20817:1256174] Error received in message reply handler: Connection invalid
2026-01-19 10:58:51.347 Firefox GPU Helper[20817:1256188] Connection Invalid error for service com.apple.hiservices-xpcservice.
1768820331852	Marionette	INFO	Listening on port 50777
Read port: 50777
1768820332011	RemoteAgent	WARN	TLS certificate errors will be ignored for this session
Jan 19, 2026 12:58:54 PM org.openqa.selenium.remote.ProtocolHandshake createSession
INFO: Detected dialect: W3C
]]></system-err>
  </testcase>
  <testcase name="testTooShort on testTooShort(Selleniun_start_projects.Selleniun_start_projects.PassTest)" classname="Selleniun_start_projects.Selleniun_start_projects.PassTest" time="5.929">
    <failure message="expected:&lt;[Invalid Input]&gt; but was:&lt;[]&gt;" type="org.junit.ComparisonFailure"><![CDATA[org.junit.ComparisonFailure: expected:<[Invalid Input]> but was:<[]>
	at Selleniun_start_projects.Selleniun_start_projects.PassTest.testTooShort(PassTest.java:57)
]]></failure>
    <system-err><![CDATA[1768820335646	geckodriver	INFO	Listening on 127.0.0.1:25121
1768820335661	mozrunner::runner	INFO	Running command: MOZ_CRASHREPORTER="1" MOZ_CRASHREPORTER_NO_REPORT="1" MOZ_CRASHREPORTER_SHUTDOWN="1" "/Applications/Firefox. ... "--marionette" "-foreground" "-no-remote" "-profile" "/var/folders/yz/f6jv4v_n2j3_fb2y0nzk37kr0000gn/T/rust_mozprofileQfHXva"
console.warn: services.settings: Ignoring preference override of remote settings server
console.warn: services.settings: Allow by setting MOZ_REMOTE_SETTINGS_DEVTOOLS=1 in the environment
1768820336652	Marionette	INFO	Marionette enabled
2026-01-19 10:58:56.804 Firefox GPU Helper[20845:1256884] Failure on line 688 in function id scheduleApplicationNotification(LSNotificationCode, NSWorkspaceNotificationCenter *): noErr == _LSModifyNotification(notificationID, 1, &code, 0, NULL, NULL, NULL)
2026-01-19 10:58:56.981 Firefox GPU Helper[20845:1256896] Connection Invalid error for service com.apple.hiservices-xpcservice.
2026-01-19 10:58:56.981 Firefox GPU Helper[20845:1256884] Error received in message reply handler: Connection invalid
1768820337451	Marionette	INFO	Listening on port 50855
Read port: 50855
1768820337636	RemoteAgent	WARN	TLS certificate errors will be ignored for this session
Jan 19, 2026 12:58:59 PM org.openqa.selenium.remote.ProtocolHandshake createSession
INFO: Detected dialect: W3C
]]></system-err>
  </testcase>
  <testcase name="testInvalidCharacters on testInvalidCharacters(Selleniun_start_projects.Selleniun_start_projects.PassTest)" classname="Selleniun_start_projects.Selleniun_start_projects.PassTest" time="5.756">
    <failure message="expected:&lt;[Invalid Input]&gt; but was:&lt;[]&gt;" type="org.junit.ComparisonFailure"><![CDATA[org.junit.ComparisonFailure: expected:<[Invalid Input]> but was:<[]>
	at Selleniun_start_projects.Selleniun_start_projects.PassTest.testInvalidCharacters(PassTest.java:46)
]]></failure>
    <system-err><![CDATA[1768820341577	geckodriver	INFO	Listening on 127.0.0.1:33188
1768820341595	mozrunner::runner	INFO	Running command: MOZ_CRASHREPORTER="1" MOZ_CRASHREPORTER_NO_REPORT="1" MOZ_CRASHREPORTER_SHUTDOWN="1" "/Applications/Firefox. ... "--marionette" "-foreground" "-no-remote" "-profile" "/var/folders/yz/f6jv4v_n2j3_fb2y0nzk37kr0000gn/T/rust_mozprofileZl80Mq"
console.warn: services.settings: Ignoring preference override of remote settings server
console.warn: services.settings: Allow by setting MOZ_REMOTE_SETTINGS_DEVTOOLS=1 in the environment
1768820342612	Marionette	INFO	Marionette enabled
2026-01-19 10:59:02.764 Firefox GPU Helper[20871:1257636] Failure on line 688 in function id scheduleApplicationNotification(LSNotificationCode, NSWorkspaceNotificationCenter *): noErr == _LSModifyNotification(notificationID, 1, &code, 0, NULL, NULL, NULL)
2026-01-19 10:59:02.933 Firefox GPU Helper[20871:1257656] Connection Invalid error for service com.apple.hiservices-xpcservice.
2026-01-19 10:59:02.933 Firefox GPU Helper[20871:1257636] Error received in message reply handler: Connection invalid
1768820343423	Marionette	INFO	Listening on port 50938
Read port: 50938
1768820343549	RemoteAgent	WARN	TLS certificate errors will be ignored for this session
Jan 19, 2026 12:59:05 PM org.openqa.selenium.remote.ProtocolHandshake createSession
INFO: Detected dialect: W3C
]]></system-err>
  </testcase>
</testsuite>