<?xml version="1.0" encoding="UTF-8"?>
<testsuite xmlns:xsi="http://www.w3.org/2001/XMLSchema-instance" xsi:noNamespaceSchemaLocation="https://maven.apache.org/surefire/maven-surefire-plugin/xsd/surefire-test-report.xsd" name="TestSuite" time="26.318" tests="4" errors="0" skipped="0" failures="3">
  <properties>
[...]
</properties>
  <testcase name="Tests1 on Tests1(Selleniun_start_projects.Selleniun_start_projects.AppTest)" classname="Selleniun_start_projects.Selleniun_start_projects.AppTest" time="7.139"/>
  <testcase name="Test1 on Test1(Selleniun_start_projects.Selleniun_start_projects.PassTest)" classname="Selleniun_start_projects.Selleniun_start_projects.PassTest" time="6.36">
    <failure message="expected:&lt;[Valid Input]&gt; but was:&lt;[]&gt;" type="org.junit.ComparisonFailure"><![CDATA[org.junit.ComparisonFailure: expected:<[Valid Input]> but was:<[]>
	at Selleniun_start_projects.Selleniun_start_projects.PassTest.Test1(PassTest.java:35)
]]></failure>
    <system-err><![CDATA[1768821324512	geckodriver	INFO	Listening on 127.0.0.1:8928
1768821324530	mozrunner::runner	INFO	Running command: MOZ_CRASHREPORTER="1" MOZ_CRASHREPORTER_NO_REPORT="1" MOZ_CRASHREPORTER_SHUTDOWN="1" "/Applications/Firefox. ... "--marionette" "-foreground" "-no-remote" "-profile" "/var/folders/yz/f6jv4v_n2j3_fb2y0nzk37kr0000gn/T/rust_mozprofilegi2alG"
console.warn: services.settings: Ignoring preference override of remote settings server
console.warn: services.settings: Allow by setting MOZ_REMOTE_SETTINGS_DEVTOOLS=1 in the environment
1768821325818	Marionette	INFO	Marionette enabled
2026-01-19 11:15:25.967 Firefox GPU Helper[21874:1285090] Failure on line 688 in function id scheduleApplicationNotification(LSNotificationCode, NSWorkspaceNotificationCenter *): noErr == _LSModifyNotification(notificationID, 1, &code, 0, NULL, NULL, NULL)
2026-01-19 11:15:26.167 Firefox GPU Helper[21874:1285090] Error received in message reply handler: Connection invalid
2026-01-19 11:15:26.167 Firefox GPU Helper[21874:1285106] Connection Invalid error for service com.apple.hiservices-xpcservice.
1768821326688	Marionette	INFO	Listening on port 52878
Read port: 52878
1768821326905	RemoteAgent	WARN	TLS certificate errors will be ignored for this session
Jan 19, 2026 1:15:29 PM org.openqa.selenium.remote.ProtocolHandshake createSession
INFO: Detected dialect: W3C
]]></system-err>
  </testcase>
  <testcase name="Test2 on Test2(Selleniun_start_projects.Selleniun_start_projects.PassTest)" classname="Selleniun_start_projects.Selleniun_start_projects.PassTest" time="5.557">
    <failure message="expected:&lt;[Invalid Input]&gt; but was:&lt;[]&gt;" type="org.junit.ComparisonFailure"><![CDATA[org.junit.ComparisonFailure: expected:<[Invalid Input]> but was:<[]>
	at Selleniun_start_projects.Selleniun_start_projects.PassTest.Test2(PassTest.java:46)
]]></failure>
    <system-err><![CDATA[1768821330879	geckodriver	INFO	Listening on 127.0.0.1:6394
1768821330900	mozrunner::runner	INFO	Running command: MOZ_CRASHREPORTER="1" MOZ_CRASHREPORTER_NO_REPORT="1" MOZ_CRASHREPORTER_SHUTDOWN="1" "/Applications/Firefox. ... "--marionette" "-foreground" "-no-remote" "-profile" "/var/folders/yz/f6jv4v_n2j3_fb2y0nzk37kr0000gn/T/rust_mozprofilenJsydG"
console.warn: services.settings: Ignoring preference override of remote settings server
console.warn: services.settings: Allow by setting MOZ_REMOTE_SETTINGS_DEVTOOLS=1 in the environment
1768821331986	Marionette	INFO	Marionette enabled
2026-01-19 11:15:32.142 Firefox GPU Helper[21905:1285861] Failure on line 688 in function id scheduleApplicationNotification(LSNotificationCode, NSWorkspaceNotificationCenter *): noErr == _LSModifyNotification(notificationID, 1, &code, 0, NULL, NULL, NULL)
2026-01-19 11:15:32.312 Firefox GPU Helper[21905:1285861] Error received in message reply handler: Connection invalid
2026-01-19 11:15:32.312 Firefox GPU Helper[21905:1285875] Connection Invalid error for service com.apple.hiservices-xpcservice.
1768821332793	Marionette	INFO	Listening on port 52963
Read port: 52963
1768821332977	RemoteAgent	WARN	TLS certificate errors will be ignored for this session
Jan 19, 2026 1:15:35 PM org.openqa.selenium.remote.ProtocolHandshake createSession
INFO: Detected dialect: W3C
]]></system-err>
  </testcase>
  <testcase name="Test3 on Test3(Selleniun_start_projects.Selleniun_start_projects.PassTest)" classname="Selleniun_start_projects.Selleniun_start_projects.PassTest" time="6.838">
    <failure message="expected:&lt;[Invalid Input]&gt; but was:&lt;[]&gt;" type="org.junit.ComparisonFailure"><![CDATA[org.junit.ComparisonFailure: expected:<[Invalid Input]> but was:<[]>
	at Selleniun_start_projects.Selleniun_start_projects.PassTest.Test3(PassTest.java:57)
]]></failure>
    <system-err><![CDATA[1768821336425	geckodriver	INFO	Listening on 127.0.0.1:41753
1768821336441	mozrunner::runner	INFO	Running command: MOZ_CRASHREPORTER="1" MOZ_CRASHREPORTER_NO_REPORT="1" MOZ_CRASHREPORTER_SHUTDOWN="1" "/Applications/Firefox. ... "--marionette" "-foreground" "-no-remote" "-profile" "/var/folders/yz/f6jv4v_n2j3_fb2y0nzk37kr0000gn/T/rust_mozprofilelOs2wZ"
console.warn: services.settings: Ignoring preference override of remote settings server
console.warn: services.settings: Allow by setting MOZ_REMOTE_SETTINGS_DEVTOOLS=1 in the environment
1768821337577	Marionette	INFO	Marionette enabled
2026-01-19 11:15:37.734 Firefox GPU Helper[21932:1286599] Failure on line 688 in function id scheduleApplicationNotification(LSNotificationCode, NSWorkspaceNotificationCenter *): noErr == _LSModifyNotification(notificationID, 1, &code, 0, NULL, NULL, NULL)
2026-01-19 11:15:37.907 Firefox GPU Helper[21932:1286619] Connection Invalid error for service com.apple.hiservices-xpcservice.
2026-01-19 11:15:37.907 Firefox GPU Helper[21932:1286599] Error received in message reply handler: Connection invalid
1768821338393	Marionette	INFO	Listening on port 53040
Read port: 53040
1768821338583	RemoteAgent	WARN	TLS certificate errors will be ignored for this session
Jan 19, 2026 1:15:40 PM org.openqa.selenium.remote.ProtocolHandshake createSession
INFO: Detected dialect: W3C
]]></system-err>
  </testcase>
</testsuite>