<?xml version="1.0" encoding="UTF-8"?>
<!-- Generated by org.testng.reporters.JUnitReportReporter -->
<testsuite hostname="macbookpro" failures="0" tests="1" name="Selleniun_start_projects.Selleniun_start_projects.Selenium_calculator" time="8.546" errors="0" timestamp="5 Feb 2026 16:56:01 GMT">
  <testcase classname="Selleniun_start_projects.Selleniun_start_projects.Selenium_calculator" name="testAddition" time="8.546"/>
</testsuite> <!-- Selleniun_start_projects.Selleniun_start_projects.Selenium_calculator -->
