<?xml version="1.0" encoding="UTF-8"?>
<!-- Generated by org.testng.reporters.JUnitReportReporter -->
<testsuite hostname="macbookpro" failures="0" tests="6" name="Selleniun_start_projects.Selleniun_start_projects.CalculatorTests" time="45.730" errors="0" timestamp="5 Feb 2026 16:58:31 GMT">
  <testcase classname="Selleniun_start_projects.Selleniun_start_projects.CalculatorTests" name="FiveMinusOne" time="6.967"/>
  <testcase classname="Selleniun_start_projects.Selleniun_start_projects.CalculatorTests" name="SixMultiplySix" time="7.222"/>
  <testcase classname="Selleniun_start_projects.Selleniun_start_projects.CalculatorTests" name="SixMinusTwo" time="8.153"/>
  <testcase classname="Selleniun_start_projects.Selleniun_start_projects.CalculatorTests" name="SixMultiplyTwo" time="8.766"/>
  <testcase classname="Selleniun_start_projects.Selleniun_start_projects.CalculatorTests" name="FivePlusFive" time="7.370"/>
  <testcase classname="Selleniun_start_projects.Selleniun_start_projects.CalculatorTests" name="OnePlusThree" time="7.252"/>
</testsuite> <!-- Selleniun_start_projects.Selleniun_start_projects.CalculatorTests -->
