<?xml version="1.0" encoding="UTF-8"?>
<!-- Generated by org.testng.reporters.JUnitReportReporter -->
<testsuite hostname="macbookpro" failures="0" tests="3" name="Selleniun_start_projects.Selleniun_start_projects.PasswordFieldTests" time="22.266" errors="0" timestamp="5 Feb 2026 17:17:31 GMT">
  <testcase classname="Selleniun_start_projects.Selleniun_start_projects.PasswordFieldTests" name="EP_EverythingGood" time="7.610"/>
  <testcase classname="Selleniun_start_projects.Selleniun_start_projects.PasswordFieldTests" name="EP_TooShort" time="7.041"/>
  <testcase classname="Selleniun_start_projects.Selleniun_start_projects.PasswordFieldTests" name="EP_InvalidCharacter" time="7.615"/>
</testsuite> <!-- Selleniun_start_projects.Selleniun_start_projects.PasswordFieldTests -->
