<?xml version="1.0" encoding="UTF-8"?>
<!-- Generated by org.testng.reporters.JUnitReportReporter -->
<testsuite hostname="Mys-MacBook-Pro-3.local" failures="0" tests="6" name="Selleniun_start_projects.Selleniun_start_projects.CalculatorTests" time="45.786" errors="0" timestamp="19 Jan 2026 14:32:32 GMT">
  <testcase classname="Selleniun_start_projects.Selleniun_start_projects.CalculatorTests" name="SixMultiplySix" time="7.348"/>
  <testcase classname="Selleniun_start_projects.Selleniun_start_projects.CalculatorTests" name="OnePlusThree" time="7.527"/>
  <testcase classname="Selleniun_start_projects.Selleniun_start_projects.CalculatorTests" name="SixMultiplyTwo" time="7.316"/>
  <testcase classname="Selleniun_start_projects.Selleniun_start_projects.CalculatorTests" name="FiveMinusOne" time="7.488"/>
  <testcase classname="Selleniun_start_projects.Selleniun_start_projects.CalculatorTests" name="FivePlusFive" time="7.516"/>
  <testcase classname="Selleniun_start_projects.Selleniun_start_projects.CalculatorTests" name="SixMinusTwo" time="8.591"/>
</testsuite> <!-- Selleniun_start_projects.Selleniun_start_projects.CalculatorTests -->
